1341093005493|-1||debug||com.p6spy.engine.common.P6SpyOptions reloading properties
1341093005497|-1||info||Using properties file: /home/thies/Arbeitsfläche/pre_git/userweave-core/target/classes/spy.properties
1341093005497|-1||info||No value in environment for: getStackTrace, using: false
1341093005497|-1||info||No value in environment for: getAppender, using: null
1341093005497|-1||info||No value in environment for: getFilter, using: false
1341093005497|-1||info||No value in environment for: getDeregisterDrivers, using: true
1341093005497|-1||info||No value in environment for: getUsePrefix, using: false
1341093005497|-1||info||No value in environment for: getExecutionThreshold, using: 0
1341093005497|-1||info||No value in environment for: getAutoflush, using: false
1341093005497|-1||info||No value in environment for: getExclude, using: null
1341093005497|-1||info||No value in environment for: getExcludecategories, using: null
1341093005497|-1||info||No value in environment for: getInclude, using: null
1341093005497|-1||info||No value in environment for: getIncludecategories, using: null
1341093005497|-1||info||No value in environment for: getLogfile, using: spy.log
1341093005498|-1||info||No value in environment for: getRealdriver, using: org.postgresql.Driver
1341093005498|-1||info||No value in environment for: getRealdriver2, using: 
1341093005498|-1||info||No value in environment for: getRealdriver3, using: 
1341093005498|-1||info||No value in environment for: getAppend, using: true
1341093005498|-1||info||No value in environment for: getSpydriver, using: com.p6spy.engine.spy.P6SpyDriver
1341093005498|-1||info||No value in environment for: getDateformat, using: null
1341093005498|-1||info||No value in environment for: getDateformatter, using: null
1341093005498|-1||info||No value in environment for: getStringmatcher, using: com.p6spy.engine.common.SubstringMatcher
1341093005498|-1||info||No value in environment for: getStringMatcherEngine, using: com.p6spy.engine.common.SubstringMatcher@2b52e961
1341093005498|-1||info||No value in environment for: getStackTraceClass, using: null
1341093005498|-1||info||No value in environment for: getSQLExpression, using: null
1341093005498|-1||info||No value in environment for: getReloadProperties, using: false
1341093005498|-1||info||No value in environment for: getReloadPropertiesInterval, using: -1
1341093005498|-1||info||No value in environment for: getJNDIContextFactory, using: null
1341093005498|-1||info||No value in environment for: getJNDIContextProviderURL, using: null
1341093005498|-1||info||No value in environment for: getJNDIContextCustom, using: null
1341093005498|-1||info||No value in environment for: getRealDataSource, using: null
1341093005498|-1||info||No value in environment for: getRealDataSourceClass, using: null
1341093005498|-1||info||No value in environment for: getRealDataSourceProperties, using: null
1341093005498|-1||info||reloadProperties() successful
1341093005510|-1||info||deregistering driver org.postgresql.Driver
1341093005510|-1||debug||Registered driver: org.postgresql.Driver, realdriver: org.postgresql.Driver@d7e60a1
1341093005511|-1||debug||Registered factory: com.p6spy.engine.logging.P6LogFactory with options: null
1341093005511|-1||debug||Driver manager reporting driver registered: com.p6spy.engine.spy.P6SpyDriver@7fb2380e
1341093005511|-1||debug||Driver manager reporting driver registered: org.postgresql.Driver@d7e60a1
1341093005511|-1||debug||found new driver org.postgresql.Driver@d7e60a1
1341093005511|-1||debug||this is com.p6spy.engine.spy.P6SpyDriver@7fb2380e and passthru is org.postgresql.Driver@d7e60a1
1341093006374|3|0|statement||select relname from pg_class where relkind='S'
1341093006378|0|0|result||select relname from pg_class where relkind='S'
1341093006380|-1||resultset|select relname from pg_class where relkind='S'|relname = hibernate_sequence
1341093006380|1|0|result||select relname from pg_class where relkind='S'
1341093130478|-1||debug||found new driver org.postgresql.Driver@d7e60a1
1341093130478|-1||debug||this is com.p6spy.engine.spy.P6SpyDriver@7fb2380e and passthru is org.postgresql.Driver@d7e60a1
